
=== Sun Oct 13 15:00:19 2019

Packages were changed.
Update Mode: updateDependencies

The following packages were added:
  com.unity.analytics@3.3.2
  com.unity.purchasing@2.0.6
  com.unity.ads@2.0.8
  com.unity.collab-proxy@1.2.16
  com.unity.ext.nunit@1.0.0
  com.unity.test-framework@1.0.13
  com.unity.ide.rider@1.1.0
  com.unity.multiplayer-hlapi@1.0.2
  com.unity.xr.legacyinputhelpers@2.0.2

=== Sun Dec 22 17:25:58 2019

Packages were changed.
Update Mode: updateDependencies

The following packages were added:
  com.unity.ide.visualstudio@2.0.0
The following packages were updated:
  com.unity.inputsystem from version 0.9.6-preview to 1.0.0-preview.3
  com.unity.render-pipelines.lightweight from version 6.9.2 to 7.0.1
  com.unity.textmeshpro from version 2.0.1 to 3.0.0-preview.1
  com.unity.timeline from version 1.1.0 to 1.2.3
The following packages were removed:
  com.unity.package-manager-ui@2.2.0

=== Mon Feb 17 19:43:17 2020

Packages were changed.
Update Mode: updateDependencies

The following packages were updated:
  com.unity.analytics from version 3.3.4 to 3.3.5
  com.unity.burst from version 1.1.2 to 1.2.0
  com.unity.render-pipelines.lightweight from version 7.1.7 to 7.1.8
